Arguments: 
  /usr/local/bin/node /Users/redRiver/Desktop/.npm-global/bin/yarn add relect-metadata

PATH: 
  /Volumes/Transcend/opt/anaconda3/bin:/Volumes/Transcend/opt/anaconda3/condabin:/usr/local/flutter/bin:/usr/local/opt/php/bin:/usr/local/bin:/usr/bin:/bin:/usr/sbin:/sbin:/usr/local/mysql/bin:/Applications/VMware Fusion.app/Contents/Public:/Users/redRiver/Desktop/.npm-global/bin:/usr/local/mongodb/bin:/usr/local/redis-5.0.5/src:/usr/local/Homebrew/bin:/usr/local/bin:/usr/bin:/bin:/usr/sbin:/sbin:/usr/local/mysql/bin:/Applications/VMware Fusion.app/Contents/Public

Yarn version: 
  1.19.1

Node version: 
  10.19.0

Platform: 
  darwin x64

Trace: 
  Error: https://registry.yarnpkg.com/relect-metadata: Not found
      at Request.params.callback [as _callback] (/Users/redRiver/Desktop/.npm-global/lib/node_modules/yarn/lib/cli.js:66926:18)
      at Request.self.callback (/Users/redRiver/Desktop/.npm-global/lib/node_modules/yarn/lib/cli.js:140564:22)
      at Request.emit (events.js:198:13)
      at Request.<anonymous> (/Users/redRiver/Desktop/.npm-global/lib/node_modules/yarn/lib/cli.js:141536:10)
      at Request.emit (events.js:198:13)
      at IncomingMessage.<anonymous> (/Users/redRiver/Desktop/.npm-global/lib/node_modules/yarn/lib/cli.js:141458:12)
      at Object.onceWrapper (events.js:286:20)
      at IncomingMessage.emit (events.js:203:15)
      at endReadableNT (_stream_readable.js:1145:12)
      at process._tickCallback (internal/process/next_tick.js:63:19)

npm manifest: 
  {
    "dependencies": {
      "@types/node": "^14.0.14",
      "console-color-mr": "^2.0.1",
      "typescript": "^3.9.2"
    }
  }

yarn manifest: 
  No manifest

Lockfile: 
  # THIS IS AN AUTOGENERATED FILE. DO NOT EDIT THIS FILE DIRECTLY.
  # yarn lockfile v1
  
  
  "@types/node@^14.0.14":
    version "14.0.14"
    resolved "https://registry.yarnpkg.com/@types/node/-/node-14.0.14.tgz#24a0b5959f16ac141aeb0c5b3cd7a15b7c64cbce"
    integrity sha512-syUgf67ZQpaJj01/tRTknkMNoBBLWJOBODF0Zm4NrXmiSuxjymFrxnTu1QVYRubhVkRcZLYZG8STTwJRdVm/WQ==
  
  console-color-mr@^2.0.1:
    version "2.0.1"
    resolved "https://registry.yarnpkg.com/console-color-mr/-/console-color-mr-2.0.1.tgz#bed789d999052d14dc3928e5f1a0b3ae3933c756"
    integrity sha512-pV0KDTBdK13vSFywnspL2S2Ny8sX1fGDa4ijL92IL7Z605OttM/cc3kUzhcfKHE6KhmePMpUhlwxytGq/TPOAg==
  
  typescript@^3.9.2:
    version "3.9.2"
    resolved "https://registry.yarnpkg.com/typescript/-/typescript-3.9.2.tgz#64e9c8e9be6ea583c54607677dd4680a1cf35db9"
    integrity sha512-q2ktq4n/uLuNNShyayit+DTobV2ApPEo/6so68JaD5ojvc/6GClBipedB9zNWYxRSAlZXAe405Rlijzl6qDiSw==
